{
  "level": "debug",
  "msg": "add article",
  "time": "2019-08-03 19:35:38"
}
{
  "level": "debug",
  "msg": "add article success，id:27",
  "time": "2019-08-03 19:35:38"
}
{
  "level": "debug",
  "msg": "get article success，id:1",
  "time": "2019-08-03 22:12:55"
}
{
  "level": "debug",
  "msg": "get article success，id:1222",
  "time": "2019-08-03 22:12:58"
}
{
  "level": "debug",
  "msg": "get article success，id:1111111",
  "time": "2019-08-03 22:13:02"
}
{
  "level": "debug",
  "msg": "get article success，id:1111",
  "time": "2019-08-03 22:13:26"
}
{
  "level": "debug",
  "msg": "get article success，id:1111",
  "time": "2019-08-03 22:14:14"
}
{
  "level": "debug",
  "msg": "get article success，id:1111",
  "time": "2019-08-03 22:14:30"
}
{
  "level": "debug",
  "msg": "get article success，id:1111",
  "time": "2019-08-03 22:14:48"
}
{
  "level": "error",
  "msg": "get article failed，id:1111, error:record not found",
  "time": "2019-08-03 22:15:05"
}
{
  "level": "error",
  "msg": "get article failed，id:1111, error:record not found",
  "time": "2019-08-03 22:15:10"
}
{
  "level": "debug",
  "msg": "add article",
  "time": "2019-08-03 23:42:17"
}
{
  "level": "debug",
  "msg": "add article",
  "time": "2019-08-03 23:42:33"
}
{
  "level": "debug",
  "msg": "add article",
  "time": "2019-08-03 23:42:34"
}
{
  "level": "debug",
  "msg": "add article",
  "time": "2019-08-03 23:46:48"
}
{
  "level": "debug",
  "msg": "add article",
  "time": "2019-08-03 23:47:02"
}
{
  "level": "debug",
  "msg": "add article",
  "time": "2019-08-03 23:47:09"
}
{
  "level": "debug",
  "msg": "add article success，id:2",
  "time": "2019-08-03 23:47:09"
}
{
  "level": "debug",
  "msg": "add article",
  "time": "2019-08-03 23:48:22"
}
{
  "level": "debug",
  "msg": "add article success，id:3",
  "time": "2019-08-03 23:48:22"
}
{
  "level": "debug",
  "msg": "add article",
  "time": "2019-08-03 23:48:33"
}
{
  "level": "debug",
  "msg": "add article success，id:4",
  "time": "2019-08-03 23:48:33"
}
{
  "level": "debug",
  "msg": "add article",
  "time": "2019-08-03 23:49:05"
}
{
  "level": "debug",
  "msg": "add article success，id:5",
  "time": "2019-08-03 23:49:05"
}
{
  "level": "debug",
  "msg": "add article",
  "time": "2019-08-03 23:54:07"
}
{
  "level": "debug",
  "msg": "add article success，id:6",
  "time": "2019-08-03 23:54:07"
}
{
  "level": "debug",
  "msg": "add article",
  "time": "2019-08-04 00:24:37"
}
{
  "level": "debug",
  "msg": "add article success，id:7",
  "time": "2019-08-04 00:24:37"
}
{
  "level": "debug",
  "msg": "add article",
  "time": "2019-08-04 00:24:41"
}
{
  "level": "debug",
  "msg": "add article success，id:8",
  "time": "2019-08-04 00:24:41"
}
{
  "level": "debug",
  "msg": "add article",
  "time": "2019-08-04 00:24:48"
}
{
  "level": "debug",
  "msg": "add article success，id:9",
  "time": "2019-08-04 00:24:48"
}
{
  "level": "info",
  "msg": "login user success, email:%swangbenjun@gmail.com",
  "time": "2019-08-04 00:30:49"
}
