{"level":"info","time":"2023-07-04 22:50:15","location":"controllers/article_controller.go:100","msg":"222222222222222","traceId":"0a10e20a-309f-4634-83a8-9a0da3b6a939"}
{"level":"debug","time":"2023-07-04 22:50:15","location":"models/db.go:73","msg":"/home/jwang/Documents/Work/gen/models/article.go:96\n[0.349ms] [rows:0] SELECT * FROM `articles` ORDER BY id desc LIMIT 15"}
{"level":"debug","time":"2023-07-04 22:54:43","location":"gen/main.go:77","msg":"Server was shutdown gracefully"}
{"level":"info","time":"2023-07-04 22:54:44","location":"gen/main.go:44","msg":"Server starting..."}
{"level":"info","time":"2023-07-04 22:54:44","location":"gen/main.go:74","msg":"Server started success"}
{"level":"info","time":"2023-07-04 22:54:45","location":"controllers/article_controller.go:100","msg":"222222222222222","traceId":"fd5c4bbc-9186-47d3-a387-cb7047b2b745"}
{"level":"info","time":"2023-07-04 22:54:45","location":"models/db.go:73","msg":"/home/jwang/Documents/Work/gen/models/article.go:96\n[0.746ms] [rows:0] SELECT * FROM `articles` ORDER BY id desc LIMIT 15"}
{"level":"info","time":"2023-07-04 23:09:40","location":"gen/main.go:77","msg":"Server was shutdown gracefully"}
{"level":"info","time":"2023-07-04 23:09:41","location":"gen/main.go:44","msg":"Server starting..."}
{"level":"info","time":"2023-07-04 23:09:41","location":"gen/main.go:74","msg":"Server started success"}
{"level":"info","time":"2023-07-04 23:09:43","location":"controllers/article_controller.go:100","msg":"222222222222222","traceId":"4ade5690-f0e0-4369-92ae-09fbab8b12da"}
{"level":"info","time":"2023-07-04 23:09:43","location":"log/gorm_logger.go:121","msg":"/home/jwang/Documents/Work/gen/models/article.go:96 [0.388ms] [rows:0] SELECT * FROM `articles` ORDER BY id desc LIMIT 15","traceId":""}
{"level":"info","time":"2023-07-04 23:23:43","location":"gen/main.go:77","msg":"Server was shutdown gracefully"}
{"level":"info","time":"2023-07-04 23:23:44","location":"gen/main.go:44","msg":"Server starting..."}
{"level":"info","time":"2023-07-04 23:23:44","location":"gen/main.go:74","msg":"Server started success"}
{"level":"info","time":"2023-07-04 23:23:46","location":"controllers/article_controller.go:100","msg":"222222222222222","traceId":"6979e874-4bbb-4c21-ba48-1dd6304325ea"}
{"level":"info","time":"2023-07-04 23:23:46","location":"gorm@v1.22.4/callbacks.go:134","msg":"sql_log","sql":"SELECT * FROM `articles` ORDER BY id desc LIMIT 15","sql_line":"/home/jwang/Documents/Work/gen/models/article.go:96","sql_cost":1.505896,"affected_rows":0,"err":null}
{"level":"info","time":"2023-07-04 23:23:46","location":"log/gorm_logger.go:128","msg":"/home/jwang/Documents/Work/gen/models/article.go:96 [1.506ms] [rows:0] SELECT * FROM `articles` ORDER BY id desc LIMIT 15","traceId":""}
{"level":"info","time":"2023-07-04 23:29:07","location":"gen/main.go:77","msg":"Server was shutdown gracefully"}
{"level":"info","time":"2023-07-04 23:29:09","location":"gen/main.go:44","msg":"Server starting..."}
{"level":"info","time":"2023-07-04 23:29:09","location":"gen/main.go:74","msg":"Server started success"}
{"level":"info","time":"2023-07-04 23:29:11","location":"controllers/article_controller.go:100","msg":"222222222222222","traceId":"e57d6c55-5cee-4d7b-b230-93b5b0228f27"}
{"level":"info","time":"2023-07-04 23:29:11","location":"gorm@v1.22.4/callbacks.go:134","msg":"sql_log","sql":"SELECT * FROM `articles` ORDER BY id desc LIMIT 15","sql_line":"/home/jwang/Documents/Work/gen/models/article.go:96","sql_cost":0.285298,"affected_rows":0,"err":null}
{"level":"info","time":"2023-07-04 23:30:28","location":"gen/main.go:77","msg":"Server was shutdown gracefully"}
{"level":"info","time":"2023-07-04 23:30:29","location":"gen/main.go:44","msg":"Server starting..."}
{"level":"info","time":"2023-07-04 23:30:29","location":"gen/main.go:74","msg":"Server started success"}
{"level":"info","time":"2023-07-04 23:30:31","location":"controllers/article_controller.go:100","msg":"222222222222222","traceId":"ef62ef5d-c797-46e2-ae4c-a41c287a0646"}
{"level":"info","time":"2023-07-04 23:30:31","location":"gorm@v1.22.4/callbacks.go:134","msg":"sql_log","sql":"SELECT * FROM `articles` ORDER BY id desc LIMIT 15","sql_line":"/home/jwang/Documents/Work/gen/models/article.go:96","sql_cost":0.310395,"affected_rows":0,"err":null}
{"level":"info","time":"2023-07-04 23:33:02","location":"gen/main.go:77","msg":"Server was shutdown gracefully"}
{"level":"info","time":"2023-07-04 23:33:03","location":"gen/main.go:44","msg":"Server starting..."}
{"level":"info","time":"2023-07-04 23:33:03","location":"gen/main.go:74","msg":"Server started success"}
{"level":"info","time":"2023-07-04 23:42:11","location":"gen/main.go:77","msg":"Server was shutdown gracefully"}
{"level":"info","time":"2023-07-04 23:42:12","location":"gen/main.go:44","msg":"Server starting..."}
{"level":"info","time":"2023-07-04 23:42:12","location":"gen/main.go:74","msg":"Server started success"}
{"level":"info","time":"2023-07-04 23:42:14","location":"gorm@v1.22.4/callbacks.go:134","msg":"sql_log","sql":"SELECT * FROM `articles` ORDER BY id desc LIMIT 15","sql_line":"/home/jwang/Documents/Work/gen/models/article.go:96","sql_cost":"1.189042ms","affected_rows":0,"err":null}
{"level":"info","time":"2023-07-04 23:43:19","location":"gen/main.go:77","msg":"Server was shutdown gracefully"}
{"level":"info","time":"2023-07-04 23:43:20","location":"gen/main.go:44","msg":"Server starting..."}
{"level":"info","time":"2023-07-04 23:43:20","location":"gen/main.go:74","msg":"Server started success"}
{"level":"info","time":"2023-07-04 23:43:34","location":"gen/main.go:77","msg":"Server was shutdown gracefully"}
{"level":"info","time":"2023-07-04 23:43:35","location":"gen/main.go:44","msg":"Server starting..."}
{"level":"info","time":"2023-07-04 23:43:35","location":"gen/main.go:74","msg":"Server started success"}
{"level":"info","time":"2023-07-04 23:43:37","location":"gorm@v1.22.4/callbacks.go:134","msg":"sql_log","sql":"SELECT * FROM `articles` ORDER BY id desc LIMIT 15","sql_line":"/home/jwang/Documents/Work/gen/models/article.go:96","sql_cost":"393.82µs","affected_rows":0,"err":null}
{"level":"info","time":"2023-07-04 23:43:37","location":"gin@v1.7.7/context.go:168","msg":"access_log","path":"/v1/articles","method":"GET","status_code":200,"error":"","body_size":33,"client_ip":"127.0.0.1","latency":"493.925µs"}
{"level":"info","time":"2023-07-04 23:45:20","location":"gen/main.go:77","msg":"Server was shutdown gracefully"}
{"level":"info","time":"2023-07-04 23:45:21","location":"gen/main.go:44","msg":"Server starting..."}
{"level":"info","time":"2023-07-04 23:45:21","location":"gen/main.go:74","msg":"Server started success"}
{"level":"info","time":"2023-07-04 23:45:23","location":"gorm@v1.22.4/callbacks.go:134","msg":"sql_log","sql":"SELECT * FROM `articles` ORDER BY id desc LIMIT 15","sql_line":"/home/jwang/Documents/Work/gen/models/article.go:96","sql_cost":"303.033µs","affected_rows":0,"err":null}
{"level":"info","time":"2023-07-04 23:45:23","location":"middleware/access_log.go:32","msg":"access_log%!(EXTRA zapcore.Field={path 15 0 /v1/articles <nil>}, zapcore.Field={method 15 0 GET <nil>}, zapcore.Field={status_code 11 200  <nil>}, zapcore.Field={error 15 0  <nil>}, zapcore.Field={body_size 11 33  <nil>}, zapcore.Field={client_ip 15 0 127.0.0.1 <nil>}, zapcore.Field={latency 8 396755  <nil>})","traceId":"a956eae7-0f61-450b-a9c9-2bb17207ad47"}
{"level":"info","time":"2023-07-04 23:47:24","location":"gen/main.go:77","msg":"Server was shutdown gracefully"}
{"level":"info","time":"2023-07-04 23:49:04","location":"gen/main.go:44","msg":"Server starting..."}
{"level":"info","time":"2023-07-04 23:49:04","location":"gen/main.go:74","msg":"Server started success"}
{"level":"info","time":"2023-07-04 23:49:07","location":"gorm@v1.22.4/callbacks.go:134","msg":"sql_log","sql":"SELECT * FROM `articles` ORDER BY id desc LIMIT 15","sql_line":"/home/jwang/Documents/Work/gen/models/article.go:96","sql_cost":"363.479µs","affected_rows":0,"err":null}
{"level":"info","time":"2023-07-04 23:49:07","location":"middleware/access_log.go:32","msg":"access_log","path":"/v1/articles","method":"GET","status_code":200,"error":"","body_size":33,"client_ip":"127.0.0.1","latency":"462.523µs","traceId":"2fb129b3-bdaf-4468-b6ce-ec9d08fbb496"}
{"level":"info","time":"2023-07-04 23:50:19","location":"gen/main.go:77","msg":"Server was shutdown gracefully"}
{"level":"info","time":"2023-07-04 23:50:20","location":"gen/main.go:44","msg":"Server starting..."}
{"level":"info","time":"2023-07-04 23:50:20","location":"gen/main.go:74","msg":"Server started success"}
{"level":"info","time":"2023-07-04 23:50:22","location":"gorm@v1.22.4/callbacks.go:134","msg":"sql_log","sql":"SELECT * FROM `articles` ORDER BY id desc LIMIT 15","sql_line":"/home/jwang/Documents/Work/gen/models/article.go:97","sql_cost":"473.956µs","affected_rows":0,"err":null}
{"level":"info","time":"2023-07-04 23:50:22","location":"middleware/access_log.go:32","msg":"access_log","path":"/v1/articles","method":"GET","status_code":200,"error":"","body_size":33,"client_ip":"127.0.0.1","latency":"603.913µs","traceId":"fcfeed5f-ae64-4efb-8f96-f1c08d7a2094"}
{"level":"info","time":"2023-07-04 23:50:39","location":"gen/main.go:77","msg":"Server was shutdown gracefully"}
{"level":"info","time":"2023-07-04 23:50:40","location":"gen/main.go:44","msg":"Server starting..."}
{"level":"info","time":"2023-07-04 23:50:40","location":"gen/main.go:74","msg":"Server started success"}
{"level":"info","time":"2023-07-04 23:50:42","location":"gorm@v1.22.4/callbacks.go:134","msg":"sql_log","sql":"SELECT * FROM `articles` ORDER BY id desc LIMIT 15","sql_line":"/home/jwang/Documents/Work/gen/models/article.go:97","sql_cost":"1.547024ms","affected_rows":0,"err":null}
{"level":"info","time":"2023-07-04 23:50:42","location":"middleware/access_log.go:32","msg":"access_log","path":"/v1/articles","method":"GET","status_code":200,"error":"","body_size":33,"client_ip":"127.0.0.1","latency":"2.056937ms","traceId":"0dbb73bd-2369-494a-ab12-7d33ff25943b"}
{"level":"info","time":"2023-07-04 23:51:59","location":"gen/main.go:77","msg":"Server was shutdown gracefully"}
{"level":"info","time":"2023-07-04 23:52:02","location":"gen/main.go:44","msg":"Server starting..."}
{"level":"info","time":"2023-07-04 23:52:02","location":"gen/main.go:74","msg":"Server started success"}
{"level":"info","time":"2023-07-04 23:52:04","location":"gorm@v1.22.4/callbacks.go:134","msg":"sql_log","sql":"SELECT * FROM `articles` ORDER BY id desc LIMIT 15","sql_line":"/home/jwang/Documents/Work/gen/models/article.go:97","sql_cost":"317.435µs","affected_rows":0,"err":null}
{"level":"info","time":"2023-07-04 23:52:04","location":"middleware/access_log.go:32","msg":"access_log","path":"/v1/articles","method":"GET","status_code":200,"error":"","body_size":33,"client_ip":"127.0.0.1","latency":"427.887µs","traceId":"aa1b3105-53a1-4506-a00e-e049b6eac17e"}
{"level":"info","time":"2023-07-04 23:52:32","location":"gen/main.go:77","msg":"Server was shutdown gracefully"}
{"level":"info","time":"2023-07-04 23:52:33","location":"gen/main.go:44","msg":"Server starting..."}
{"level":"info","time":"2023-07-04 23:52:33","location":"gen/main.go:74","msg":"Server started success"}
{"level":"info","time":"2023-07-04 23:52:34","location":"controllers/article_controller.go:100","msg":"GetAll Articles","traceId":"93657506-dec9-47a8-9bf2-edf98d9e4097"}
{"level":"info","time":"2023-07-04 23:52:34","location":"gorm@v1.22.4/callbacks.go:134","msg":"sql_log","sql":"SELECT * FROM `articles` ORDER BY id desc LIMIT 15","sql_line":"/home/jwang/Documents/Work/gen/models/article.go:97","sql_cost":"320.507µs","affected_rows":0,"err":null}
{"level":"info","time":"2023-07-04 23:52:34","location":"middleware/access_log.go:32","msg":"access_log","path":"/v1/articles","method":"GET","status_code":200,"error":"","body_size":33,"client_ip":"127.0.0.1","latency":"448.367µs","traceId":"93657506-dec9-47a8-9bf2-edf98d9e4097"}
{"level":"info","time":"2023-07-05 00:01:08","location":"gen/main.go:77","msg":"Server was shutdown gracefully"}
{"level":"info","time":"2023-07-05 00:01:09","location":"gen/main.go:44","msg":"Server starting..."}
{"level":"info","time":"2023-07-05 00:01:09","location":"gen/main.go:74","msg":"Server started success"}
{"level":"info","time":"2023-07-05 00:01:11","location":"controllers/article_controller.go:100","msg":"GetAll Articles","traceId":"6f6a04ef-fd00-4778-9928-b5fffa1258e2"}
{"level":"info","time":"2023-07-05 00:01:11","location":"gorm@v1.22.4/callbacks.go:134","msg":"sql_log","sql":"SELECT * FROM `articles` ORDER BY id desc LIMIT 15","sql_line":"/home/jwang/Documents/Work/gen/models/article.go:97","sql_cost":"330.63µs","affected_rows":0,"err":null}
{"level":"info","time":"2023-07-05 00:01:11","location":"middleware/access_log.go:32","msg":"access_log","path":"/v1/articles","method":"GET","status_code":200,"error":"","body_size":33,"client_ip":"127.0.0.1","latency":"444.632µs","traceId":"6f6a04ef-fd00-4778-9928-b5fffa1258e2"}
{"level":"info","time":"2023-07-05 00:01:42","location":"gen/main.go:77","msg":"Server was shutdown gracefully"}
{"level":"info","time":"2023-07-05 00:01:43","location":"gen/main.go:44","msg":"Server starting..."}
{"level":"info","time":"2023-07-05 00:01:43","location":"gen/main.go:74","msg":"Server started success"}
{"level":"info","time":"2023-07-05 00:01:45","location":"controllers/article_controller.go:100","msg":"GetAll Articles","traceId":"972fc390-c8a3-445e-94e1-1d2cd1b00e62"}
{"level":"info","time":"2023-07-05 00:01:45","location":"gorm@v1.22.4/callbacks.go:134","msg":"sql_log","sql":"SELECT * FROM `articles` ORDER BY id desc LIMIT 15","sql_line":"/home/jwang/Documents/Work/gen/models/article.go:97","sql_cost":"649.743µs","affected_rows":0,"err":null}
{"level":"info","time":"2023-07-05 00:01:45","location":"middleware/access_log.go:32","msg":"access_log","path":"/v1/articles","method":"GET","status_code":200,"error":"","body_size":33,"client_ip":"127.0.0.1","latency":"1.209021ms","traceId":"972fc390-c8a3-445e-94e1-1d2cd1b00e62"}
{"level":"info","time":"2023-07-05 00:02:16","location":"gen/main.go:77","msg":"Server was shutdown gracefully"}
{"level":"info","time":"2023-07-05 00:02:17","location":"gen/main.go:44","msg":"Server starting..."}
{"level":"info","time":"2023-07-05 00:02:17","location":"gen/main.go:74","msg":"Server started success"}
{"level":"info","time":"2023-07-05 00:02:21","location":"controllers/article_controller.go:100","msg":"GetAll Articles","traceId":"752784c4-6bcd-4d37-9beb-583305822dbe"}
{"level":"info","time":"2023-07-05 00:02:21","location":"log/gorm_logger.go:82","msg":"sql_log","sql":"SELECT * FROM `articles` ORDER BY id desc LIMIT 15","sql_line":"/home/jwang/Documents/Work/gen/models/article.go:97","sql_cost":"326.753µs","affected_rows":0,"err":null,"traceId":"752784c4-6bcd-4d37-9beb-583305822dbe"}
{"level":"info","time":"2023-07-05 00:02:21","location":"middleware/access_log.go:32","msg":"access_log","path":"/v1/articles","method":"GET","status_code":200,"error":"","body_size":33,"client_ip":"127.0.0.1","latency":"458.688µs","traceId":"752784c4-6bcd-4d37-9beb-583305822dbe"}
{"level":"info","time":"2023-07-05 00:03:35","location":"controllers/article_controller.go:100","msg":"GetAll Articles","traceId":"fcc61418-79b7-48dc-9c0e-04ab75a015f1"}
{"level":"info","time":"2023-07-05 00:03:35","location":"log/gorm_logger.go:82","msg":"sql_log","sql":"SELECT * FROM `articles` ORDER BY id desc LIMIT 15","sql_line":"/home/jwang/Documents/Work/gen/models/article.go:97","sql_cost":"244.261µs","affected_rows":1,"err":null,"traceId":"fcc61418-79b7-48dc-9c0e-04ab75a015f1"}
{"level":"info","time":"2023-07-05 00:03:35","location":"middleware/access_log.go:32","msg":"access_log","path":"/v1/articles","method":"GET","status_code":200,"error":"","body_size":260,"client_ip":"127.0.0.1","latency":"385.711µs","traceId":"fcc61418-79b7-48dc-9c0e-04ab75a015f1"}
{"level":"info","time":"2023-07-05 00:06:55","location":"gen/main.go:77","msg":"Server was shutdown gracefully"}
{"level":"info","time":"2023-07-05 00:09:15","location":"gen/main.go:45","msg":"Server starting..."}
{"level":"info","time":"2023-07-05 00:09:15","location":"gen/main.go:75","msg":"Server started success"}
{"level":"info","time":"2023-07-05 00:09:17","location":"controllers/article_controller.go:90","msg":"GetAll Articles","traceId":"0db59a0a-25a6-4f17-8ac5-32eb7a655942"}
{"level":"info","time":"2023-07-05 00:09:17","location":"log/gorm_logger.go:82","msg":"sql_log","sql":"SELECT * FROM `articles` ORDER BY id desc LIMIT 15","sql_line":"/home/jwang/Documents/Work/gen/models/article.go:97","sql_cost":"373.148µs","affected_rows":1,"err":null,"traceId":"0db59a0a-25a6-4f17-8ac5-32eb7a655942"}
{"level":"info","time":"2023-07-05 00:09:17","location":"middleware/access_log.go:32","msg":"access_log","path":"/v1/articles","method":"GET","status_code":200,"error":"","body_size":260,"client_ip":"127.0.0.1","latency":"517.077µs","traceId":"0db59a0a-25a6-4f17-8ac5-32eb7a655942"}
{"level":"info","time":"2023-07-05 00:12:54","location":"gen/main.go:78","msg":"Server was shutdown gracefully"}
{"level":"info","time":"2023-07-05 00:12:55","location":"gen/main.go:45","msg":"Server starting..."}
{"level":"info","time":"2023-07-05 00:12:55","location":"gen/main.go:75","msg":"Server started success"}
{"level":"info","time":"2023-07-05 00:12:57","location":"controllers/article_controller.go:90","msg":"GetAll Articles","traceId":"e020bb8a-95a5-4347-9377-0c6aaa70e92f"}
{"level":"info","time":"2023-07-05 00:12:57","location":"log/gorm_logger.go:82","msg":"sql_log","sql":"SELECT * FROM `articles` ORDER BY id desc LIMIT 15","sql_line":"/home/jwang/Documents/Work/gen/models/article.go:97","sql_cost":"335.396µs","affected_rows":1,"err":null,"traceId":"e020bb8a-95a5-4347-9377-0c6aaa70e92f"}
{"level":"info","time":"2023-07-05 00:12:57","location":"middleware/access_log.go:28","msg":"access_log","path":"/v1/articles","method":"GET","request_body":{},"status_code":200,"error":"","body_size":260,"client_ip":"127.0.0.1","latency":"563.532µs","traceId":"e020bb8a-95a5-4347-9377-0c6aaa70e92f"}
{"level":"info","time":"2023-07-05 00:17:44","location":"gen/main.go:78","msg":"Server was shutdown gracefully"}
{"level":"info","time":"2023-07-05 00:28:45","location":"gen/main.go:45","msg":"Server starting..."}
{"level":"info","time":"2023-07-05 00:28:45","location":"gen/main.go:75","msg":"Server started success"}
{"level":"info","time":"2023-07-05 00:28:48","location":"controllers/article_controller.go:90","msg":"GetAll Articles","traceId":"bb8bef7d-dee5-488a-aa40-24ed2a0aec01"}
{"level":"info","time":"2023-07-05 00:28:48","location":"log/gorm_logger.go:82","msg":"sql_log","sql":"SELECT * FROM `articles` ORDER BY id desc LIMIT 15","sql_line":"/home/jwang/Documents/Work/gen/models/article.go:97","sql_cost":"369.826µs","affected_rows":1,"err":null,"traceId":"bb8bef7d-dee5-488a-aa40-24ed2a0aec01"}
{"level":"info","time":"2023-07-05 00:28:48","location":"middleware/access_log.go:28","msg":"access_log","path":"/v1/articles","method":"GET","request_body":{},"status_code":200,"error":"","body_size":260,"client_ip":"127.0.0.1","latency":"534.294µs","traceId":"bb8bef7d-dee5-488a-aa40-24ed2a0aec01"}
{"level":"info","time":"2023-07-05 00:28:56","location":"controllers/article_controller.go:90","msg":"GetAll Articles","traceId":"2bf4d5c8-d380-425f-a4ee-7971502bb398"}
{"level":"info","time":"2023-07-05 00:28:56","location":"log/gorm_logger.go:82","msg":"sql_log","sql":"SELECT * FROM `articles` ORDER BY id desc LIMIT 15","sql_line":"/home/jwang/Documents/Work/gen/models/article.go:97","sql_cost":"260.605µs","affected_rows":1,"err":null,"traceId":"2bf4d5c8-d380-425f-a4ee-7971502bb398"}
{"level":"info","time":"2023-07-05 00:28:56","location":"middleware/access_log.go:28","msg":"access_log","path":"/v1/articles","method":"GET","request_body":{},"status_code":200,"error":"","body_size":260,"client_ip":"127.0.0.1","latency":"376.748µs","traceId":"2bf4d5c8-d380-425f-a4ee-7971502bb398"}
